\BOOKMARK [0][]{chapter*.1}{摘　　要}{}% 1
\BOOKMARK [0][]{chapter*.2}{Abstract}{}% 2
\BOOKMARK [0][]{chapter*.4}{引　　言}{}% 3
\BOOKMARK [1][]{section.0.1}{0.1 字体}{chapter*.4}% 4
\BOOKMARK [1][]{section.0.2}{0.2 Windows操作系统}{chapter*.4}% 5
\BOOKMARK [2][]{subsection.0.2.1}{0.2.1 编译运行}{section.0.2}% 6
\BOOKMARK [1][]{section.0.3}{0.3 Linux操作系统\(以Ubuntu为例\)}{chapter*.4}% 7
\BOOKMARK [2][]{subsection.0.3.1}{0.3.1 编译运行}{section.0.3}% 8
\BOOKMARK [1][]{section.0.4}{0.4 XeTeX简介}{chapter*.4}% 9
\BOOKMARK [2][]{subsection.0.4.1}{0.4.1 历史}{section.0.4}% 10
\BOOKMARK [1][]{section.0.5}{0.5 引言内容要求}{chapter*.4}% 11
\BOOKMARK [0][]{chapter.1}{1 模版使用说明}{}% 12
\BOOKMARK [1][]{section.1.1}{1.1 个人信息}{chapter.1}% 13
\BOOKMARK [1][]{section.1.2}{1.2 中英文摘要、关键字}{chapter.1}% 14
\BOOKMARK [1][]{section.1.3}{1.3 正文}{chapter.1}% 15
\BOOKMARK [0][]{chapter.2}{2 列表，三线表，插图，参考文献}{}% 16
\BOOKMARK [1][]{section.2.1}{2.1 列表}{chapter.2}% 17
\BOOKMARK [1][]{section.2.2}{2.2 表}{chapter.2}% 18
\BOOKMARK [2][]{subsection.2.2.1}{2.2.1 三线表}{section.2.2}% 19
\BOOKMARK [2][]{subsection.2.2.2}{2.2.2 表格的列按小数点对齐}{section.2.2}% 20
\BOOKMARK [2][]{subsection.2.2.3}{2.2.3 多列三线表}{section.2.2}% 21
\BOOKMARK [2][]{subsection.2.2.4}{2.2.4 多行三线表}{section.2.2}% 22
\BOOKMARK [2][]{subsection.2.2.5}{2.2.5 宽度控制}{section.2.2}% 23
\BOOKMARK [2][]{subsection.2.2.6}{2.2.6 斜线表头}{section.2.2}% 24
\BOOKMARK [1][]{section.2.3}{2.3 图}{chapter.2}% 25
\BOOKMARK [2][]{subsection.2.3.1}{2.3.1 双图并列}{section.2.3}% 26
\BOOKMARK [2][]{subsection.2.3.2}{2.3.2 两子图并列}{section.2.3}% 27
\BOOKMARK [1][]{section.2.4}{2.4 数学}{chapter.2}% 28
\BOOKMARK [2][]{subsection.2.4.1}{2.4.1 傅立叶变换}{section.2.4}% 29
\BOOKMARK [1][]{section.2.5}{2.5 参考文献}{chapter.2}% 30
\BOOKMARK [0][]{chapter.3}{3 注意事项}{}% 31
\BOOKMARK [1][]{section.3.1}{3.1 存在的问题}{chapter.3}% 32
\BOOKMARK [1][]{section.3.2}{3.2 将来的工作}{chapter.3}% 33
\BOOKMARK [0][]{chapter*.5}{结　　论}{}% 34
\BOOKMARK [0][]{chapter*.6}{参考文献}{}% 35
\BOOKMARK [0][]{appendix*.7}{附录 A　附录内容名称}{}% 36
\BOOKMARK [0][]{appendix*.8}{攻读硕士学位期间发表学术论文情况}{}% 37
\BOOKMARK [0][]{appendix*.9}{致　　谢}{}% 38
\BOOKMARK [0][]{appendix*.10}{大连理工大学学位论文版权使用授权书}{}% 39
